SF:lib/domain/tv/search_tv.dart
DA:8,1
DA:10,1
DA:11,2
LF:3
LH:3
end_of_record
SF:lib/domain/movie/search_movies.dart
DA:8,1
DA:10,1
DA:11,2
LF:3
LH:3
end_of_record
SF:lib/presentation/bloc/bloc_search_movies_bloc.dart
DA:9,2
DA:10,0
DA:11,0
DA:18,1
DA:19,1
DA:23,1
DA:24,1
DA:29,1
DA:30,0
DA:31,0
DA:36,2
DA:37,1
DA:38,2
DA:46,1
DA:47,2
DA:48,2
DA:49,1
DA:50,2
DA:52,3
DA:53,1
DA:54,0
DA:55,3
DA:57,1
DA:60,1
DA:62,3
LF:25
LH:20
end_of_record
SF:lib/presentation/bloc/bloc_search_tv_bloc.dart
DA:9,2
DA:10,0
DA:11,0
DA:18,1
DA:19,1
DA:23,1
DA:24,1
DA:29,1
DA:30,0
DA:31,0
DA:36,2
DA:37,1
DA:38,2
DA:45,3
DA:46,2
DA:47,1
DA:48,2
DA:50,3
DA:51,1
DA:52,0
DA:53,3
DA:55,1
DA:58,1
DA:60,3
LF:24
LH:19
end_of_record
SF:lib/presentation/pages/movie/search_page.dart
DA:7,1
DA:9,1
DA:10,1
DA:13,1
DA:15,1
DA:17,1
DA:18,1
DA:20,1
DA:22,1
DA:23,2
DA:32,1
DA:33,1
DA:35,1
DA:37,1
DA:38,1
DA:39,1
DA:42,1
DA:43,1
DA:44,1
DA:46,1
DA:47,1
DA:48,1
DA:50,1
DA:51,2
DA:52,2
DA:54,1
LF:26
LH:26
end_of_record
SF:lib/presentation/pages/tv/search_page_tv.dart
DA:5,1
DA:7,1
DA:8,1
DA:11,1
DA:13,1
DA:15,1
DA:16,1
DA:18,1
DA:19,3
DA:28,1
DA:29,1
DA:31,1
DA:33,1
DA:34,1
DA:35,1
DA:38,1
DA:39,1
DA:40,1
DA:42,1
DA:43,1
DA:44,1
DA:46,1
DA:47,2
DA:48,2
DA:50,1
LF:25
LH:25
end_of_record
