SF:lib/data/datasources/tv_data_source.dart
DA:14,1
DA:17,1
DA:19,3
DA:22,2
DA:27,1
DA:29,3
DA:32,2
DA:37,1
DA:38,3
DA:40,1
DA:47,1
DA:48,3
DA:49,4
LF:13
LH:13
end_of_record
SF:lib/data/datasources/tv_remote_data_source.dart
DA:23,1
DA:26,1
DA:28,5
DA:30,2
DA:31,4
DA:33,1
DA:38,1
DA:39,5
DA:41,2
DA:42,3
DA:44,1
DA:49,1
DA:50,2
DA:51,3
DA:53,2
DA:54,4
DA:56,1
DA:61,1
DA:63,5
DA:65,2
DA:66,4
DA:68,1
DA:73,1
DA:75,5
DA:77,2
DA:78,4
DA:80,1
DA:85,1
DA:86,2
DA:87,3
DA:89,2
DA:90,4
DA:92,1
LF:33
LH:33
end_of_record
SF:lib/data/model/tv_detail.dart
DA:6,2
DA:72,1
DA:73,1
DA:74,1
DA:75,4
DA:76,2
DA:77,1
DA:78,4
DA:79,1
DA:80,1
DA:81,1
DA:82,4
DA:83,2
DA:84,1
DA:85,1
DA:86,1
DA:87,4
DA:88,1
DA:89,1
DA:90,1
DA:91,2
DA:92,1
DA:93,1
DA:94,1
DA:95,1
DA:96,2
DA:97,1
DA:99,5
DA:102,0
DA:103,0
DA:105,0
DA:107,0
DA:108,0
DA:109,0
DA:110,0
DA:111,0
DA:112,0
DA:114,0
DA:116,0
DA:119,0
DA:120,0
DA:121,0
DA:122,0
DA:123,0
DA:124,0
DA:125,0
DA:126,0
DA:131,0
DA:134,0
DA:135,0
DA:136,0
DA:137,0
DA:138,0
DA:141,1
DA:142,1
DA:143,1
DA:144,1
DA:145,1
DA:146,5
DA:147,1
DA:148,1
DA:149,1
DA:150,1
DA:151,1
DA:152,1
DA:154,1
DA:155,1
DA:156,1
DA:157,1
DA:158,1
DA:159,1
DA:160,1
DA:161,1
DA:162,1
DA:163,1
DA:164,1
DA:165,1
DA:166,1
DA:167,1
DA:170,1
DA:171,1
DA:172,1
DA:174,1
DA:175,1
DA:176,1
DA:177,1
DA:178,1
DA:179,1
DA:180,1
DA:181,1
DA:183,1
DA:186,1
DA:187,1
DA:188,1
DA:189,1
DA:190,1
DA:191,1
DA:192,1
DA:193,1
DA:196,1
DA:198,1
DA:199,1
DA:200,1
DA:201,1
DA:202,1
DA:207,7
DA:221,2
DA:222,1
DA:223,1
DA:224,1
DA:225,1
DA:226,1
DA:229,0
DA:230,0
DA:231,0
DA:232,0
DA:233,0
DA:234,0
DA:237,1
DA:238,1
DA:239,1
DA:240,1
DA:241,1
DA:242,1
DA:243,1
LF:125
LH:94
end_of_record
SF:lib/data/model/tv_model.dart
DA:5,4
DA:35,4
DA:37,4
DA:39,8
DA:40,2
DA:41,2
DA:42,8
DA:43,2
DA:44,2
DA:45,2
DA:46,4
DA:47,2
DA:48,4
DA:49,2
DA:52,2
DA:53,2
DA:56,4
DA:57,1
DA:58,1
DA:59,4
DA:60,1
DA:61,1
DA:62,1
DA:63,1
DA:64,1
DA:65,1
DA:66,1
DA:68,2
DA:69,2
DA:70,2
DA:72,2
DA:73,2
DA:74,2
DA:75,2
DA:76,2
DA:77,2
DA:78,2
DA:79,2
DA:80,2
DA:81,2
DA:82,2
DA:86,2
DA:87,2
DA:88,2
DA:89,2
DA:90,2
DA:91,2
DA:92,2
DA:93,2
DA:94,2
DA:95,2
DA:96,2
DA:97,2
DA:98,2
DA:99,2
LF:55
LH:55
end_of_record
SF:lib/data/model/tv_table.dart
DA:12,2
DA:19,2
DA:20,1
DA:21,1
DA:22,1
DA:23,1
DA:26,2
DA:27,1
DA:28,1
DA:29,1
DA:30,1
DA:33,0
DA:34,0
DA:35,0
DA:36,0
DA:37,0
DA:40,0
DA:41,0
DA:42,0
DA:43,0
DA:44,0
DA:47,2
DA:48,1
DA:49,1
DA:50,1
DA:51,1
DA:54,2
DA:55,10
LF:28
LH:18
end_of_record
SF:lib/domain/entities/tv.dart
DA:4,12
DA:20,1
DA:41,7
DA:42,7
DA:43,7
DA:44,7
DA:45,7
DA:46,7
DA:47,7
DA:48,7
DA:49,7
DA:50,7
DA:51,7
DA:52,7
DA:53,7
DA:54,7
DA:55,7
LF:17
LH:17
end_of_record
SF:lib/domain/entities/tv_detail.dart
DA:5,6
DA:71,2
DA:72,2
DA:73,2
DA:75,2
DA:76,2
DA:77,2
DA:78,2
DA:79,2
DA:80,2
DA:81,2
DA:82,2
DA:84,2
DA:85,2
DA:87,2
DA:88,2
DA:89,2
DA:90,2
DA:91,2
DA:92,2
DA:93,2
DA:94,2
DA:99,2
DA:100,2
DA:101,2
DA:102,2
DA:103,2
LF:27
LH:27
end_of_record
SF:lib/data/model/tv_response.dart
DA:7,2
DA:9,4
DA:10,4
DA:11,6
DA:12,6
DA:15,2
DA:16,5
DA:19,1
DA:20,2
LF:9
LH:9
end_of_record
SF:lib/data/repositories/tv_repository_imp.dart
DA:11,1
DA:17,1
DA:19,3
DA:20,5
DA:21,1
DA:22,2
DA:23,1
DA:24,2
DA:25,0
DA:26,0
DA:31,1
DA:33,3
DA:34,2
DA:35,1
DA:36,2
DA:37,1
DA:38,2
DA:39,0
DA:40,0
DA:45,1
DA:47,3
DA:48,3
DA:49,1
DA:50,2
DA:51,1
DA:52,2
DA:53,0
DA:54,0
DA:59,1
DA:61,3
DA:62,5
DA:63,1
DA:64,2
DA:65,1
DA:66,2
DA:67,0
DA:68,0
DA:73,1
DA:75,3
DA:76,5
DA:77,1
DA:78,2
DA:79,1
DA:80,2
DA:81,0
DA:82,0
DA:87,1
DA:89,3
DA:90,5
DA:91,1
DA:92,2
DA:93,1
DA:94,2
DA:95,0
DA:96,0
DA:101,1
DA:104,4
DA:105,1
DA:106,1
DA:107,3
DA:114,1
DA:117,4
DA:118,1
DA:119,1
DA:120,3
DA:125,1
DA:126,3
DA:131,1
DA:132,3
DA:133,5
LF:70
LH:58
end_of_record
SF:lib/domain/usecases/get_now_play_tv.dart
DA:8,1
DA:10,1
DA:11,2
LF:3
LH:3
end_of_record
SF:lib/domain/usecases/get_popular_tv.dart
DA:8,1
DA:10,1
DA:11,2
LF:3
LH:3
end_of_record
SF:lib/domain/usecases/get_top_rated_tv.dart
DA:8,1
DA:10,1
DA:11,2
LF:3
LH:3
end_of_record
SF:lib/domain/usecases/get_tv_detail.dart
DA:8,1
DA:10,1
DA:11,2
LF:3
LH:3
end_of_record
SF:lib/domain/usecases/get_tv_recommendations.dart
DA:8,1
DA:10,1
DA:11,2
LF:3
LH:3
end_of_record
SF:lib/domain/usecases/get_tv_wachtlist_status.dart
DA:6,1
DA:8,1
DA:9,2
LF:3
LH:3
end_of_record
SF:lib/domain/usecases/get_wachlist_tv.dart
DA:8,1
DA:10,1
DA:11,2
LF:3
LH:3
end_of_record
SF:lib/domain/usecases/remove_wachtlist.dart
DA:8,1
DA:10,1
DA:11,2
LF:3
LH:3
end_of_record
SF:lib/domain/usecases/save_wachtlist.dart
DA:8,1
DA:10,1
DA:11,2
LF:3
LH:3
end_of_record
SF:lib/presentation/bloc/bloc_list_tv_bloc.dart
DA:4,1
DA:6,1
DA:7,1
DA:13,2
DA:15,1
DA:16,1
DA:26,2
DA:28,1
DA:29,2
DA:35,1
DA:37,1
DA:38,2
DA:44,3
DA:45,2
DA:46,2
DA:47,3
DA:49,1
DA:50,1
DA:51,3
DA:53,1
DA:54,2
LF:21
LH:21
end_of_record
SF:lib/presentation/bloc/bloc_popular_tv_bloc.dart
DA:4,2
DA:6,1
DA:7,1
DA:13,4
DA:15,1
DA:16,1
DA:26,3
DA:28,1
DA:29,2
DA:35,2
DA:37,1
DA:38,2
DA:44,3
DA:45,2
DA:46,2
DA:47,3
DA:49,1
DA:50,1
DA:51,3
DA:53,1
DA:54,2
LF:21
LH:21
end_of_record
SF:lib/presentation/bloc/bloc_top_rated_tv_bloc.dart
DA:4,2
DA:6,1
DA:7,1
DA:13,4
DA:15,1
DA:16,1
DA:26,3
DA:28,1
DA:29,2
DA:35,2
DA:37,1
DA:38,2
DA:44,3
DA:45,2
DA:46,2
DA:47,3
DA:49,1
DA:50,1
DA:51,3
DA:53,1
DA:54,2
LF:21
LH:21
end_of_record
SF:lib/presentation/bloc/bloc_tv_detail_bloc.dart
DA:8,1
DA:11,2
DA:12,2
DA:13,1
DA:14,2
DA:16,3
DA:17,3
DA:19,5
DA:20,1
DA:21,2
DA:23,1
DA:24,4
DA:25,1
DA:26,2
DA:37,1
DA:38,2
DA:39,1
DA:40,1
DA:41,2
DA:42,1
DA:44,3
DA:45,2
DA:60,1
DA:63,2
DA:64,1
DA:65,1
DA:66,2
DA:67,1
DA:68,3
DA:70,1
DA:71,4
DA:72,3
DA:77,1
DA:78,1
DA:79,2
DA:80,1
DA:81,3
DA:83,1
DA:84,4
DA:85,3
DA:94,2
DA:96,0
DA:97,0
DA:103,2
DA:105,1
DA:106,2
DA:111,4
DA:113,1
DA:114,1
DA:124,3
DA:126,1
DA:127,2
DA:134,2
DA:136,1
DA:137,3
DA:142,2
DA:144,0
DA:145,0
DA:151,2
DA:153,1
DA:154,2
DA:159,4
DA:161,1
DA:162,1
DA:172,3
DA:174,1
DA:175,2
DA:180,1
DA:182,0
DA:183,0
DA:189,1
DA:191,1
DA:192,2
DA:198,1
DA:200,1
DA:201,2
DA:206,3
DA:208,1
DA:209,1
DA:215,2
DA:217,1
DA:218,2
DA:224,2
DA:226,1
DA:227,2
DA:237,2
DA:239,1
DA:240,2
LF:88
LH:82
end_of_record
SF:lib/presentation/bloc/bloc_watchlist_bloc.dart
DA:6,3
DA:7,2
DA:8,2
DA:9,3
DA:11,1
DA:12,1
DA:13,3
DA:15,1
DA:16,2
DA:24,1
DA:26,1
DA:27,1
DA:33,4
DA:35,1
DA:36,1
DA:46,3
DA:48,1
DA:49,2
DA:55,2
DA:57,1
DA:58,2
LF:21
LH:21
end_of_record
SF:lib/presentation/pages/home_page_tv.dart
DA:6,0
DA:7,0
DA:11,0
DA:13,0
DA:14,0
DA:15,0
DA:16,0
DA:17,0
DA:21,0
DA:23,0
DA:24,0
DA:25,0
DA:26,0
DA:34,0
DA:37,0
DA:38,0
DA:41,0
DA:44,0
DA:45,0
DA:48,0
DA:51,0
DA:52,0
DA:55,0
DA:56,0
DA:57,0
DA:65,0
DA:66,0
DA:67,0
DA:68,0
DA:69,0
DA:70,0
DA:72,0
DA:76,0
DA:78,0
DA:79,0
DA:81,0
DA:82,0
DA:84,0
DA:86,0
DA:87,0
DA:88,0
DA:92,0
DA:93,0
DA:94,0
DA:95,0
DA:96,0
DA:101,0
DA:103,0
DA:105,0
DA:106,0
DA:107,0
DA:111,0
DA:112,0
DA:113,0
DA:114,0
DA:115,0
DA:120,0
DA:122,0
DA:124,0
DA:125,0
DA:126,0
DA:130,0
DA:131,0
DA:132,0
DA:133,0
DA:134,0
DA:146,0
DA:147,0
DA:149,0
DA:150,0
DA:152,0
DA:154,0
DA:156,0
DA:158,0
DA:159,0
DA:171,0
DA:173,0
DA:175,0
DA:177,0
DA:179,0
DA:180,0
DA:181,0
DA:183,0
DA:184,0
DA:185,0
DA:188,0
DA:191,0
DA:192,0
DA:193,0
DA:194,0
DA:195,0
DA:196,0
DA:198,0
DA:204,0
LF:94
LH:0
end_of_record
SF:lib/presentation/pages/popular_page_tv.dart
DA:6,1
DA:7,1
DA:11,1
DA:13,1
DA:14,1
DA:15,5
DA:18,1
DA:20,1
DA:21,1
DA:22,1
DA:24,1
DA:26,1
DA:27,1
DA:28,1
DA:32,1
DA:33,1
DA:34,1
DA:35,1
DA:36,1
DA:37,1
DA:39,1
DA:41,1
DA:42,1
DA:43,1
DA:44,2
DA:47,0
LF:26
LH:25
end_of_record
SF:lib/presentation/pages/top_rated_page_tv.dart
DA:6,1
DA:7,1
DA:11,1
DA:13,1
DA:14,1
DA:15,5
DA:18,1
DA:20,1
DA:21,1
DA:22,1
DA:24,1
DA:26,1
DA:27,1
DA:28,1
DA:29,1
DA:30,1
DA:32,1
DA:33,1
DA:34,1
DA:35,1
DA:36,1
DA:37,1
DA:39,1
DA:41,1
DA:42,1
DA:43,1
DA:44,2
DA:47,0
LF:28
LH:27
end_of_record
SF:lib/presentation/pages/tv_detail_page.dart
DA:8,1
DA:10,1
DA:11,1
DA:15,1
DA:17,1
DA:18,2
DA:19,2
DA:20,4
DA:21,6
DA:25,1
DA:27,1
DA:28,0
DA:29,0
DA:30,0
DA:31,0
DA:32,0
DA:33,0
DA:34,0
DA:35,0
DA:36,0
DA:37,0
DA:38,0
DA:39,0
DA:40,0
DA:42,0
DA:43,0
DA:48,1
DA:49,1
DA:50,1
DA:51,1
DA:52,1
DA:53,2
DA:54,1
DA:55,1
DA:56,3
DA:57,1
DA:58,2
DA:76,1
DA:78,1
DA:79,1
DA:86,1
DA:88,5
DA:89,6
DA:90,1
DA:93,1
DA:95,3
DA:96,1
DA:97,1
DA:98,1
DA:99,4
DA:101,2
DA:102,1
DA:104,0
DA:106,1
DA:108,1
DA:109,1
DA:110,1
DA:120,1
DA:121,1
DA:122,1
DA:124,1
DA:126,1
DA:128,1
DA:129,1
DA:130,3
DA:131,1
DA:133,1
DA:134,0
DA:135,0
DA:137,0
DA:138,0
DA:140,0
DA:141,0
DA:144,0
DA:145,0
DA:147,0
DA:148,0
DA:151,1
DA:153,1
DA:154,2
DA:155,1
DA:156,1
DA:157,1
DA:161,1
DA:162,4
DA:164,4
DA:165,2
DA:166,4
DA:167,0
DA:168,1
DA:169,1
DA:170,1
DA:171,4
DA:173,2
DA:179,5
DA:183,1
DA:185,1
DA:187,1
DA:188,3
DA:190,1
DA:191,1
DA:192,1
DA:193,5
DA:194,1
DA:196,3
DA:198,1
DA:199,0
DA:200,0
DA:201,0
DA:202,0
DA:207,3
DA:209,1
DA:211,1
DA:213,1
DA:215,1
DA:217,1
DA:218,3
DA:219,1
DA:221,1
DA:222,0
DA:223,0
DA:226,0
DA:229,1
DA:233,1
DA:235,2
DA:236,1
DA:240,0
DA:241,0
DA:247,3
DA:254,1
DA:256,1
DA:269,1
DA:271,1
DA:274,1
DA:275,1
DA:276,0
DA:277,0
DA:286,1
DA:288,2
DA:289,3
DA:292,1
DA:296,3
DA:299,1
DA:300,1
DA:301,1
DA:303,1
DA:304,1
DA:306,0
LF:148
LH:109
end_of_record
SF:lib/presentation/pages/wachtlist_page_tv.dart
DA:4,1
DA:6,1
DA:7,1
DA:9,1
DA:10,1
DA:11,1
DA:13,1
DA:17,1
DA:18,1
DA:19,1
DA:20,2
DA:21,1
DA:23,2
DA:25,1
DA:26,1
DA:28,2
DA:31,0
LF:17
LH:16
end_of_record
SF:lib/presentation/widgets/tv_card_list.dart
DA:9,3
DA:11,3
DA:13,3
DA:15,3
DA:16,0
DA:17,0
DA:20,0
DA:23,3
DA:25,3
DA:26,3
DA:27,3
DA:33,3
DA:35,3
DA:36,3
DA:37,6
DA:40,3
DA:42,3
DA:43,3
DA:44,6
DA:52,3
DA:57,3
DA:58,3
DA:59,9
DA:61,6
DA:62,3
DA:64,0
DA:66,6
LF:27
LH:23
end_of_record
