SF:lib/data/datasources/movie_local_data_source.dart
DA:14,1
DA:17,1
DA:19,3
DA:22,2
DA:27,1
DA:29,3
DA:32,2
DA:37,1
DA:38,3
DA:40,1
DA:47,1
DA:48,3
DA:49,4
LF:13
LH:13
end_of_record
SF:lib/data/datasources/movie_remote_data_source.dart
DA:23,1
DA:26,1
DA:28,5
DA:30,2
DA:31,4
DA:33,1
DA:38,1
DA:40,5
DA:42,2
DA:43,3
DA:45,1
DA:50,1
DA:51,2
DA:52,3
DA:54,2
DA:55,4
DA:57,1
DA:62,1
DA:64,5
DA:66,2
DA:67,4
DA:69,1
DA:74,1
DA:76,5
DA:78,2
DA:79,4
DA:81,1
DA:86,1
DA:87,2
DA:88,3
DA:90,2
DA:91,4
DA:93,1
LF:33
LH:33
end_of_record
SF:lib/data/model/movie_detail_model.dart
DA:6,2
DA:52,1
DA:53,1
DA:54,1
DA:55,1
DA:56,1
DA:57,1
DA:58,4
DA:59,1
DA:60,1
DA:61,1
DA:62,1
DA:63,1
DA:64,1
DA:65,2
DA:66,1
DA:67,1
DA:68,1
DA:69,1
DA:70,1
DA:71,1
DA:72,1
DA:73,1
DA:74,2
DA:75,1
DA:78,0
DA:79,0
DA:80,0
DA:81,0
DA:82,0
DA:83,0
DA:84,0
DA:85,0
DA:86,0
DA:87,0
DA:88,0
DA:89,0
DA:90,0
DA:91,0
DA:92,0
DA:93,0
DA:94,0
DA:95,0
DA:96,0
DA:97,0
DA:98,0
DA:99,0
DA:102,1
DA:103,1
DA:104,1
DA:105,1
DA:106,5
DA:107,1
DA:108,1
DA:109,1
DA:110,1
DA:111,1
DA:112,1
DA:113,1
DA:114,1
DA:115,1
DA:119,1
DA:120,1
DA:121,1
DA:122,1
DA:123,1
DA:124,1
DA:125,1
DA:126,1
DA:127,1
DA:128,1
DA:129,1
DA:130,1
DA:131,1
DA:132,1
DA:133,1
DA:134,1
DA:135,1
DA:136,1
DA:137,1
DA:138,1
DA:139,1
DA:140,1
DA:141,1
LF:84
LH:62
end_of_record
SF:lib/data/model/movie_model.dart
DA:5,4
DA:35,4
DA:36,2
DA:37,2
DA:38,8
DA:39,2
DA:40,2
DA:41,2
DA:42,4
DA:43,2
DA:44,2
DA:45,2
DA:46,2
DA:47,4
DA:48,2
DA:51,2
DA:52,1
DA:53,1
DA:54,4
DA:55,1
DA:56,1
DA:57,1
DA:58,1
DA:59,1
DA:60,1
DA:61,1
DA:62,1
DA:63,1
DA:64,1
DA:67,2
DA:68,2
DA:69,2
DA:70,2
DA:71,2
DA:72,2
DA:73,2
DA:74,2
DA:75,2
DA:76,2
DA:77,2
DA:78,2
DA:79,2
DA:80,2
DA:81,2
DA:85,2
DA:86,2
DA:87,2
DA:88,2
DA:89,2
DA:90,2
DA:91,2
DA:92,2
DA:93,2
DA:94,2
DA:95,2
DA:96,2
DA:97,2
DA:98,2
DA:99,2
LF:59
LH:59
end_of_record
SF:lib/data/model/movie_table.dart
DA:11,2
DA:18,2
DA:19,1
DA:20,1
DA:21,1
DA:22,1
DA:25,2
DA:26,1
DA:27,1
DA:28,1
DA:29,1
DA:32,0
DA:33,0
DA:34,0
DA:35,0
DA:36,0
DA:39,2
DA:40,1
DA:41,1
DA:42,1
DA:43,1
DA:46,2
DA:47,10
LF:23
LH:18
end_of_record
SF:lib/domain/entities/movie.dart
DA:4,12
DA:20,1
DA:41,7
DA:42,7
DA:43,7
DA:44,7
DA:45,7
DA:46,7
DA:47,7
DA:48,7
DA:49,7
DA:50,7
DA:51,7
DA:52,7
DA:53,7
DA:54,7
DA:55,7
LF:17
LH:17
end_of_record
SF:lib/domain/entities/movie_detail.dart
DA:5,6
DA:33,2
DA:34,2
DA:35,2
DA:36,2
DA:37,2
DA:38,2
DA:39,2
DA:40,2
DA:41,2
DA:42,2
DA:43,2
DA:44,2
DA:45,2
LF:14
LH:14
end_of_record
SF:lib/data/model/movie_response.dart
DA:7,2
DA:9,4
DA:10,4
DA:11,6
DA:12,6
DA:15,2
DA:16,5
DA:19,1
DA:20,2
LF:9
LH:9
end_of_record
SF:lib/data/repositories/movie_repository_impl.dart
DA:16,1
DA:22,1
DA:24,3
DA:25,5
DA:26,1
DA:27,2
DA:28,1
DA:29,2
DA:34,1
DA:36,3
DA:37,2
DA:38,1
DA:39,2
DA:40,1
DA:41,2
DA:46,1
DA:48,3
DA:49,3
DA:50,1
DA:51,2
DA:52,1
DA:53,2
DA:58,1
DA:60,3
DA:61,5
DA:62,1
DA:63,2
DA:64,1
DA:65,2
DA:70,1
DA:72,3
DA:73,5
DA:74,1
DA:75,2
DA:76,1
DA:77,2
DA:82,1
DA:84,3
DA:85,5
DA:86,1
DA:87,2
DA:88,1
DA:89,2
DA:94,1
DA:97,4
DA:98,1
DA:99,1
DA:100,3
DA:107,1
DA:110,4
DA:111,1
DA:112,1
DA:113,3
DA:118,1
DA:119,3
DA:124,1
DA:125,3
DA:126,5
LF:58
LH:58
end_of_record
SF:lib/domain/usescase/get_movie_detail.dart
DA:8,1
DA:10,1
DA:11,2
LF:3
LH:3
end_of_record
SF:lib/domain/usescase/get_movie_recommendations.dart
DA:8,1
DA:10,1
DA:11,2
LF:3
LH:3
end_of_record
SF:lib/domain/usescase/get_now_playing_movies.dart
DA:8,1
DA:10,1
DA:11,2
LF:3
LH:3
end_of_record
SF:lib/domain/usescase/get_popular_movies.dart
DA:8,1
DA:10,1
DA:11,2
LF:3
LH:3
end_of_record
SF:lib/domain/usescase/get_top_rated_movies.dart
DA:8,1
DA:10,1
DA:11,2
LF:3
LH:3
end_of_record
SF:lib/domain/usescase/watchlist/get_watchlist_movies.dart
DA:8,1
DA:10,1
DA:11,2
LF:3
LH:3
end_of_record
SF:lib/domain/usescase/watchlist/get_watchlist_status.dart
DA:6,1
DA:8,1
DA:9,2
LF:3
LH:3
end_of_record
SF:lib/domain/usescase/watchlist/remove_watchlist.dart
DA:8,1
DA:10,1
DA:11,2
LF:3
LH:3
end_of_record
SF:lib/domain/usescase/watchlist/save_watchlist.dart
DA:8,1
DA:10,1
DA:11,2
LF:3
LH:3
end_of_record
SF:lib/presentation/pages/home_movie_page.dart
DA:5,0
DA:7,0
DA:8,0
DA:12,0
DA:14,0
DA:15,0
DA:16,0
DA:17,0
DA:18,0
DA:22,0
DA:24,0
DA:25,0
DA:26,0
DA:27,0
DA:35,0
DA:38,0
DA:39,0
DA:42,0
DA:45,0
DA:46,0
DA:49,0
DA:52,0
DA:53,0
DA:56,0
DA:57,0
DA:58,0
DA:66,0
DA:68,0
DA:69,0
DA:70,0
DA:72,0
DA:78,0
DA:80,0
DA:81,0
DA:83,0
DA:84,0
DA:86,0
DA:88,0
DA:89,0
DA:90,0
DA:94,0
DA:95,0
DA:96,0
DA:97,0
DA:98,0
DA:103,0
DA:105,0
DA:107,0
DA:108,0
DA:109,0
DA:113,0
DA:114,0
DA:115,0
DA:116,0
DA:117,0
DA:122,0
DA:124,0
DA:126,0
DA:127,0
DA:128,0
DA:132,0
DA:133,0
DA:134,0
DA:135,0
DA:136,0
DA:148,0
DA:149,0
DA:151,0
DA:152,0
DA:154,0
DA:156,0
DA:158,0
DA:160,0
DA:173,0
DA:175,0
DA:177,0
DA:179,0
DA:181,0
DA:182,0
DA:183,0
DA:185,0
DA:186,0
DA:187,0
DA:190,0
DA:193,0
DA:195,0
DA:196,0
DA:197,0
DA:200,0
DA:206,0
LF:90
LH:0
end_of_record
SF:lib/presentation/pages/movie_detail_page.dart
DA:9,1
DA:11,1
DA:12,1
DA:16,1
DA:18,1
DA:19,2
DA:20,6
DA:21,1
DA:22,1
DA:23,4
DA:27,1
DA:29,1
DA:30,0
DA:31,0
DA:32,0
DA:33,0
DA:34,0
DA:35,0
DA:36,0
DA:37,0
DA:38,0
DA:39,0
DA:40,0
DA:41,0
DA:42,0
DA:44,0
DA:45,0
DA:50,1
DA:51,1
DA:52,1
DA:53,1
DA:54,1
DA:55,1
DA:56,1
DA:57,1
DA:58,1
DA:59,3
DA:60,1
DA:61,2
DA:79,1
DA:81,1
DA:83,1
DA:85,3
DA:86,1
DA:87,1
DA:88,1
DA:89,3
DA:91,1
DA:94,0
DA:96,1
DA:98,1
DA:99,1
DA:100,1
DA:110,1
DA:111,1
DA:112,1
DA:114,1
DA:116,1
DA:118,1
DA:119,1
DA:120,2
DA:121,1
DA:123,1
DA:124,0
DA:125,0
DA:127,0
DA:128,0
DA:131,0
DA:132,0
DA:135,1
DA:137,1
DA:138,1
DA:145,1
DA:146,3
DA:148,1
DA:149,3
DA:151,1
DA:152,1
DA:153,1
DA:154,3
DA:156,1
DA:162,4
DA:166,1
DA:168,1
DA:170,1
DA:171,2
DA:174,1
DA:176,1
DA:178,1
DA:180,1
DA:182,1
DA:183,2
DA:184,1
DA:186,1
DA:187,0
DA:188,0
DA:191,0
DA:194,1
DA:198,1
DA:200,2
DA:201,1
DA:205,0
DA:212,2
DA:219,1
DA:221,1
DA:236,1
DA:238,1
DA:241,1
DA:243,0
DA:244,0
DA:253,1
DA:255,2
DA:256,3
DA:259,1
DA:263,3
DA:266,1
DA:267,1
DA:268,1
DA:270,1
DA:271,1
DA:273,0
LF:121
LH:92
end_of_record
SF:lib/presentation/pages/popular_movies_page.dart
DA:6,1
DA:8,1
DA:9,1
DA:13,1
DA:15,1
DA:16,2
DA:17,4
DA:20,1
DA:22,1
DA:23,1
DA:26,1
DA:28,1
DA:29,1
DA:30,1
DA:34,1
DA:35,1
DA:36,1
DA:37,1
DA:38,1
DA:39,1
DA:41,1
DA:43,1
DA:44,1
DA:46,2
DA:49,0
DA:50,0
LF:26
LH:24
end_of_record
SF:lib/presentation/pages/top_rated_movies_page.dart
DA:6,1
DA:8,1
DA:9,1
DA:13,1
DA:15,1
DA:16,2
DA:17,4
DA:20,1
DA:22,1
DA:23,1
DA:26,1
DA:28,1
DA:29,1
DA:30,1
DA:34,1
DA:35,1
DA:36,1
DA:37,1
DA:38,1
DA:39,1
DA:41,1
DA:43,1
DA:44,1
DA:46,2
DA:49,0
DA:50,0
LF:26
LH:24
end_of_record
SF:lib/presentation/pages/watchlist_movies_page.dart
DA:4,1
DA:6,1
DA:7,1
DA:9,1
DA:10,1
DA:11,1
DA:13,1
DA:17,1
DA:18,1
DA:19,1
DA:20,2
DA:21,1
DA:23,2
DA:25,1
DA:26,1
DA:28,2
DA:31,0
LF:17
LH:16
end_of_record
SF:lib/presentation/bloc/bloc_watchlist_bloc.dart
DA:8,1
DA:9,2
DA:10,2
DA:11,2
DA:12,3
DA:14,1
DA:15,1
DA:16,3
DA:18,1
DA:19,1
DA:20,2
DA:21,0
DA:30,1
DA:32,1
DA:33,1
DA:40,4
DA:42,1
DA:43,1
DA:53,3
DA:55,1
DA:56,2
DA:62,2
DA:64,1
DA:65,2
LF:24
LH:23
end_of_record
SF:lib/presentation/bloc/bloc_movies_list_bloc.dart
DA:4,1
DA:6,1
DA:7,1
DA:13,2
DA:15,1
DA:16,1
DA:26,2
DA:28,1
DA:29,2
DA:35,1
DA:37,1
DA:38,2
DA:44,3
DA:45,2
DA:46,2
DA:47,3
DA:49,1
DA:50,1
DA:51,3
DA:53,1
DA:54,2
LF:21
LH:21
end_of_record
SF:lib/presentation/bloc/bloc_popular_movies_bloc.dart
DA:4,2
DA:6,1
DA:7,1
DA:13,4
DA:15,1
DA:16,1
DA:26,3
DA:28,1
DA:29,2
DA:35,2
DA:37,1
DA:38,2
DA:45,1
DA:46,2
DA:47,2
DA:48,2
DA:49,3
DA:51,1
DA:52,1
DA:53,3
DA:55,1
DA:56,2
LF:22
LH:22
end_of_record
SF:lib/presentation/bloc/bloc_top_rated_movies.dart
DA:4,2
DA:6,1
DA:7,1
DA:13,4
DA:15,1
DA:16,1
DA:26,3
DA:28,1
DA:29,2
DA:35,2
DA:37,1
DA:38,2
DA:45,1
DA:46,2
DA:47,2
DA:48,2
DA:49,3
DA:51,1
DA:52,1
DA:53,3
DA:55,1
DA:56,2
LF:22
LH:22
end_of_record
SF:lib/presentation/bloc/bloc_movie_detail_bloc.dart
DA:9,1
DA:12,2
DA:13,2
DA:14,1
DA:15,2
DA:17,3
DA:18,3
DA:20,5
DA:21,1
DA:22,2
DA:24,1
DA:25,4
DA:26,1
DA:27,2
DA:38,1
DA:39,2
DA:40,1
DA:41,1
DA:42,2
DA:43,1
DA:45,3
DA:46,2
DA:61,1
DA:64,2
DA:65,1
DA:66,1
DA:67,2
DA:68,1
DA:69,3
DA:71,1
DA:72,4
DA:73,3
DA:78,1
DA:79,1
DA:80,2
DA:81,1
DA:82,3
DA:84,1
DA:85,4
DA:86,3
DA:95,2
DA:97,0
DA:98,0
DA:104,2
DA:106,1
DA:107,2
DA:112,4
DA:114,1
DA:115,1
DA:125,3
DA:127,1
DA:128,2
DA:135,2
DA:137,1
DA:138,3
DA:143,2
DA:145,0
DA:146,0
DA:152,2
DA:154,1
DA:155,2
DA:160,4
DA:162,1
DA:163,1
DA:173,3
DA:175,1
DA:176,2
DA:181,1
DA:183,0
DA:184,0
DA:190,1
DA:192,1
DA:193,2
DA:199,1
DA:201,1
DA:202,2
DA:207,3
DA:209,1
DA:210,1
DA:216,2
DA:218,1
DA:219,2
DA:225,2
DA:227,1
DA:228,2
DA:238,2
DA:240,1
DA:241,2
LF:88
LH:82
end_of_record
SF:lib/presentation/widgets/movie_card_list.dart
DA:7,3
DA:9,3
DA:11,3
DA:13,3
DA:14,0
DA:15,0
DA:18,0
DA:21,3
DA:23,3
DA:24,3
DA:25,3
DA:31,3
DA:33,3
DA:34,3
DA:35,6
DA:38,3
DA:40,3
DA:41,3
DA:42,6
DA:50,3
DA:55,3
DA:56,3
DA:57,9
DA:59,6
DA:60,3
DA:62,0
DA:64,6
LF:27
LH:23
end_of_record
